#
# There is insufficient memory for the Java Runtime Environment to continue.
# Native memory allocation (malloc) failed to allocate 89456 bytes for Chunk::new
# Possible reasons:
#   The system is out of physical RAM or swap space
#   The process is running with CompressedOops enabled, and the Java Heap may be blocking the growth of the native heap
# Possible solutions:
#   Reduce memory load on the system
#   Increase physical memory or swap space
#   Check if swap backing store is full
#   Decrease Java heap size (-Xmx/-Xms)
#   Decrease number of Java threads
#   Decrease Java thread stack sizes (-Xss)
#   Set larger code cache with -XX:ReservedCodeCacheSize=
#   JVM is running with Unscaled Compressed Oops mode in which the Java heap is
#     placed in the first 4GB address space. The Java Heap base address is the
#     maximum limit for the native heap growth. Please use -XX:HeapBaseMinAddress
#     to set the Java Heap base and to place the Java Heap above 4GB virtual address.
# This output file may be truncated or incomplete.
#
#  Out of Memory Error (allocation.cpp:389), pid=4400, tid=0x0000000000003a54
#
# JRE version: OpenJDK Runtime Environment (8.0_242-b01) (build 1.8.0_242-release-1644-b01)
# Java VM: OpenJDK 64-Bit Server VM (25.242-b01 mixed mode windows-amd64 compressed oops)
# Failed to write core dump. Minidumps are not enabled by default on client versions of Windows
#

---------------  T H R E A D  ---------------

Current thread (0x0000000018b34800):  JavaThread "C2 CompilerThread0" daemon [_thread_in_native, id=14932, stack(0x000000001a180000,0x000000001a280000)]

Stack: [0x000000001a180000,0x000000001a280000]
[error occurred during error reporting (printing stack bounds), id 0xc0000005]

Native frames: (J=compiled Java code, j=interpreted, Vv=VM code, C=native code)


Current CompileTask:
C2: 303886 13599       4       org.gradle.internal.classloader.FilteringClassLoader::classAllowed (80 bytes)


---------------  P R O C E S S  ---------------

Java Threads: ( => current thread )
  0x000000001cbf3000 JavaThread "WorkerExecutor Queue Thread 11" [_thread_blocked, id=13348, stack(0x000000002d4a0000,0x000000002d5a0000)]
  0x000000001cbf7800 JavaThread "ForkJoinPool.commonPool-worker-3" daemon [_thread_blocked, id=14652, stack(0x000000002d3a0000,0x000000002d4a0000)]
  0x000000001cbf4800 JavaThread "ForkJoinPool.commonPool-worker-1" daemon [_thread_blocked, id=2880, stack(0x000000002d2a0000,0x000000002d3a0000)]
  0x000000001cbf5800 JavaThread "ForkJoinPool.commonPool-worker-10" daemon [_thread_blocked, id=10520, stack(0x000000002d1a0000,0x000000002d2a0000)]
  0x000000001cbf6000 JavaThread "ForkJoinPool.commonPool-worker-8" daemon [_thread_blocked, id=12032, stack(0x000000002d0a0000,0x000000002d1a0000)]
  0x000000001cbf2000 JavaThread "ForkJoinPool.commonPool-worker-15" daemon [_thread_blocked, id=7544, stack(0x000000002cfa0000,0x000000002d0a0000)]
  0x000000001cbf9000 JavaThread "ForkJoinPool.commonPool-worker-6" daemon [_thread_blocked, id=6216, stack(0x000000002cea0000,0x000000002cfa0000)]
  0x000000001cbf3800 JavaThread "ForkJoinPool.commonPool-worker-13" daemon [_thread_blocked, id=1468, stack(0x000000002cda0000,0x000000002cea0000)]
  0x000000001cbf8800 JavaThread "ForkJoinPool.commonPool-worker-4" daemon [_thread_blocked, id=15620, stack(0x000000002cca0000,0x000000002cda0000)]
  0x000000001cbf7000 JavaThread "ForkJoinPool.commonPool-worker-11" daemon [_thread_blocked, id=3776, stack(0x000000002cba0000,0x000000002cca0000)]
  0x000000001ea1f000 JavaThread "ForkJoinPool.commonPool-worker-2" daemon [_thread_blocked, id=14508, stack(0x000000002caa0000,0x000000002cba0000)]
  0x000000001cb00000 JavaThread "ForkJoinPool.commonPool-worker-9" daemon [_thread_blocked, id=16448, stack(0x000000002c9a0000,0x000000002caa0000)]
  0x0000000018cd0000 JavaThread "WorkerExecutor Queue Thread 10" [_thread_blocked, id=9308, stack(0x000000002a290000,0x000000002a390000)]
  0x0000000018cd2000 JavaThread "Cache worker for Java compile cache (C:\Users\ASUS\AndroidStudioProjects\Demo\FoodApp-master\FoodApp-master\.gradle\6.1.1\javaCompile)" [_thread_blocked, id=15520, stack(0x0000000029f90000,0x000000002a090000)]
  0x0000000018ccf000 JavaThread "Cache worker for Java compile cache (C:\Users\ASUS\.gradle\caches\6.1.1\javaCompile)" [_thread_blocked, id=7740, stack(0x0000000029e90000,0x0000000029f90000)]
  0x0000000018cc5000 JavaThread "WorkerExecutor Queue Thread 9" [_thread_in_vm, id=8620, stack(0x0000000028b80000,0x0000000028c80000)]
  0x0000000018cca800 JavaThread "stdout" [_thread_in_native, id=11900, stack(0x0000000029d90000,0x0000000029e90000)]
  0x0000000018cc8000 JavaThread "stderr" [_thread_in_native, id=1628, stack(0x0000000029c90000,0x0000000029d90000)]
  0x0000000018cc9800 JavaThread "stdout" [_thread_in_native, id=13708, stack(0x0000000029b90000,0x0000000029c90000)]
  0x0000000018ccb000 JavaThread "stderr" [_thread_in_native, id=14388, stack(0x0000000029a90000,0x0000000029b90000)]
  0x0000000018ccc000 JavaThread "stdout" [_thread_in_native, id=888, stack(0x0000000029990000,0x0000000029a90000)]
  0x0000000018cc6800 JavaThread "stderr" [_thread_in_native, id=14396, stack(0x0000000029890000,0x0000000029990000)]
  0x0000000018cc7800 JavaThread "stdout" [_thread_in_native, id=12208, stack(0x0000000029790000,0x0000000029890000)]
  0x0000000018cc6000 JavaThread "stderr" [_thread_in_native, id=9212, stack(0x0000000029690000,0x0000000029790000)]
  0x0000000018cc3800 JavaThread "stdout" [_thread_in_native, id=13424, stack(0x0000000029590000,0x0000000029690000)]
  0x0000000018cc3000 JavaThread "stderr" [_thread_in_native, id=5204, stack(0x0000000029490000,0x0000000029590000)]
  0x0000000018cc4800 JavaThread "stdout" [_thread_in_native, id=6888, stack(0x0000000029390000,0x0000000029490000)]
  0x0000000018cc9000 JavaThread "stderr" [_thread_in_native, id=16252, stack(0x0000000029290000,0x0000000029390000)]
  0x000000001ea28000 JavaThread "stdout" [_thread_in_native, id=1276, stack(0x0000000029190000,0x0000000029290000)]
  0x000000001ea25800 JavaThread "stderr" [_thread_in_native, id=10848, stack(0x0000000029090000,0x0000000029190000)]
  0x000000001ea23800 JavaThread "stdout" [_thread_in_native, id=16356, stack(0x0000000028f90000,0x0000000029090000)]
  0x000000001ea28800 JavaThread "stderr" [_thread_in_native, id=4484, stack(0x0000000028e90000,0x0000000028f90000)]
  0x000000001ea26800 JavaThread "pool-4-thread-1" [_thread_blocked, id=12308, stack(0x0000000028a80000,0x0000000028b80000)]
  0x000000001ea27000 JavaThread "WorkerExecutor Queue Thread 8" [_thread_blocked, id=16604, stack(0x0000000028980000,0x0000000028a80000)]
  0x000000001ea24000 JavaThread "WorkerExecutor Queue Thread 7" [_thread_blocked, id=4160, stack(0x0000000028880000,0x0000000028980000)]
  0x000000001ea22800 JavaThread "WorkerExecutor Queue Thread 6" [_thread_blocked, id=5000, stack(0x0000000028780000,0x0000000028880000)]
  0x000000001ea29800 JavaThread "WorkerExecutor Queue Thread 5" [_thread_in_vm, id=7104, stack(0x0000000028680000,0x0000000028780000)]
  0x000000001ea25000 JavaThread "WorkerExecutor Queue Thread 4" [_thread_in_native, id=12216, stack(0x0000000028580000,0x0000000028680000)]
  0x000000001ea1b000 JavaThread "WorkerExecutor Queue Thread 3" [_thread_blocked, id=14292, stack(0x0000000028480000,0x0000000028580000)]
  0x000000001ea22000 JavaThread "WorkerExecutor Queue Thread 2" [_thread_in_vm, id=17116, stack(0x0000000028380000,0x0000000028480000)]
  0x000000001ea1a800 JavaThread "WorkerExecutor Queue" [_thread_blocked, id=13496, stack(0x0000000028280000,0x0000000028380000)]
  0x000000001ea1d800 JavaThread "Cache worker for execution history cache (C:\Users\ASUS\AndroidStudioProjects\Demo\FoodApp-master\FoodApp-master\.gradle\6.1.1\executionHistory)" [_thread_blocked, id=7780, stack(0x0000000027f80000,0x0000000028080000)]
  0x000000001ea1c000 JavaThread "Execution worker for ':' Thread 11" [_thread_in_vm, id=1784, stack(0x0000000027e80000,0x0000000027f80000)]
  0x000000001ea1e000 JavaThread "Execution worker for ':' Thread 10" [_thread_blocked, id=14444, stack(0x0000000027d80000,0x0000000027e80000)]
  0x000000001ea20800 JavaThread "Execution worker for ':' Thread 9" [_thread_blocked, id=5636, stack(0x0000000027c80000,0x0000000027d80000)]
  0x000000001ea1c800 JavaThread "Execution worker for ':' Thread 8" [_thread_blocked, id=13420, stack(0x0000000027b80000,0x0000000027c80000)]
  0x000000001c437000 JavaThread "Execution worker for ':' Thread 7" [_thread_blocked, id=5728, stack(0x0000000027a80000,0x0000000027b80000)]
  0x000000001c43b800 JavaThread "Execution worker for ':' Thread 6" [_thread_blocked, id=3032, stack(0x0000000027980000,0x0000000027a80000)]
  0x000000001c43b000 JavaThread "Execution worker for ':' Thread 5" [_thread_blocked, id=8680, stack(0x0000000027880000,0x0000000027980000)]
  0x000000001c435800 JavaThread "Execution worker for ':' Thread 4" [_thread_blocked, id=12312, stack(0x0000000027780000,0x0000000027880000)]
  0x000000001c439800 JavaThread "Execution worker for ':' Thread 3" [_thread_blocked, id=7316, stack(0x0000000027680000,0x0000000027780000)]
  0x000000001cb03000 JavaThread "Execution worker for ':' Thread 2" [_thread_blocked, id=7068, stack(0x0000000027580000,0x0000000027680000)]
  0x000000001cb01000 JavaThread "Execution worker for ':'" [_thread_blocked, id=5268, stack(0x0000000027480000,0x0000000027580000)]
  0x000000001cb02800 JavaThread "Cache worker for file content cache (C:\Users\ASUS\AndroidStudioProjects\Demo\FoodApp-master\FoodApp-master\.gradle\6.1.1\fileContent)" [_thread_blocked, id=14888, stack(0x0000000027380000,0x0000000027480000)]
  0x000000001cafe800 JavaThread "Cache worker for file content cache (C:\Users\ASUS\.gradle\caches\6.1.1\fileContent)" [_thread_blocked, id=11916, stack(0x0000000027280000,0x0000000027380000)]
  0x000000001caff800 JavaThread "Memory manager" [_thread_blocked, id=1492, stack(0x0000000027180000,0x0000000027280000)]
  0x000000001cb01800 JavaThread "Cache worker for Build Output Cleanup Cache (C:\Users\ASUS\AndroidStudioProjects\Demo\FoodApp-master\FoodApp-master\.gradle\buildOutputCleanup)" [_thread_blocked, id=10456, stack(0x0000000027080000,0x0000000027180000)]
  0x000000001caf7000 JavaThread "pool-3-thread-1" [_thread_blocked, id=11116, stack(0x00000000245b0000,0x00000000246b0000)]
  0x000000001cafc800 JavaThread "Build operations Thread 12" [_thread_blocked, id=8424, stack(0x00000000242b0000,0x00000000243b0000)]
  0x000000001cafb000 JavaThread "Build operations Thread 11" [_thread_blocked, id=6792, stack(0x0000000023db0000,0x0000000023eb0000)]
  0x000000001cafe000 JavaThread "Build operations Thread 10" [_thread_blocked, id=11640, stack(0x0000000023cb0000,0x0000000023db0000)]
  0x000000001caf5800 JavaThread "Build operations Thread 9" [_thread_blocked, id=8216, stack(0x0000000023bb0000,0x0000000023cb0000)]
  0x000000001caf8800 JavaThread "Build operations Thread 8" [_thread_blocked, id=3164, stack(0x0000000023ab0000,0x0000000023bb0000)]
  0x000000001caf8000 JavaThread "Build operations Thread 7" [_thread_blocked, id=13620, stack(0x00000000239b0000,0x0000000023ab0000)]
  0x000000002547c800 JavaThread "Build operations Thread 6" [_thread_blocked, id=11740, stack(0x00000000238b0000,0x00000000239b0000)]
  0x000000002547b000 JavaThread "Build operations Thread 5" [_thread_blocked, id=10900, stack(0x00000000237b0000,0x00000000238b0000)]
  0x0000000025477000 JavaThread "Build operations Thread 4" [_thread_blocked, id=6884, stack(0x00000000236b0000,0x00000000237b0000)]
  0x0000000025475800 JavaThread "Build operations Thread 3" [_thread_blocked, id=16740, stack(0x00000000235b0000,0x00000000236b0000)]
  0x000000002547a000 JavaThread "Build operations Thread 2" [_thread_blocked, id=14972, stack(0x00000000234b0000,0x00000000235b0000)]
  0x0000000025478000 JavaThread "Build operations" [_thread_blocked, id=14176, stack(0x00000000210e0000,0x00000000211e0000)]
  0x0000000025476800 JavaThread "Cache worker for cache directory md-rule (C:\Users\ASUS\.gradle\caches\6.1.1\md-rule)" [_thread_blocked, id=12212, stack(0x0000000020fe0000,0x00000000210e0000)]
  0x0000000025479800 JavaThread "Cache worker for cache directory md-supplier (C:\Users\ASUS\.gradle\caches\6.1.1\md-supplier)" [_thread_blocked, id=10284, stack(0x0000000020a40000,0x0000000020b40000)]
  0x0000000025478800 JavaThread "Cache worker for file hash cache (C:\Users\ASUS\AndroidStudioProjects\Demo\FoodApp-master\FoodApp-master\.gradle\6.1.1\fileHashes)" [_thread_blocked, id=5688, stack(0x0000000020940000,0x0000000020a40000)]
  0x000000002546e000 JavaThread "Cache worker for checksums cache (C:\Users\ASUS\AndroidStudioProjects\Demo\FoodApp-master\FoodApp-master\.gradle\checksums)" [_thread_blocked, id=10536, stack(0x000000001e1a0000,0x000000001e2a0000)]
  0x0000000025475000 JavaThread "Thread-36" [_thread_blocked, id=9892, stack(0x000000001dea0000,0x000000001dfa0000)]
  0x0000000025470800 JavaThread "Stdin handler" [_thread_blocked, id=3744, stack(0x000000001dca0000,0x000000001dda0000)]
  0x000000002546f800 JavaThread "Asynchronous log dispatcher for DefaultDaemonConnection: socket connection from /127.0.0.1:58697 to /127.0.0.1:58719" [_thread_blocked, id=11032, stack(0x000000001d9a0000,0x000000001daa0000)]
  0x0000000025472000 JavaThread "Daemon worker Thread 2" [_thread_blocked, id=9964, stack(0x000000001d8a0000,0x000000001d9a0000)]
  0x0000000025474000 JavaThread "Cancel handler" [_thread_blocked, id=8744, stack(0x0000000001750000,0x0000000001850000)]
  0x000000002546d800 JavaThread "Handler for socket connection from /127.0.0.1:58697 to /127.0.0.1:58719" [_thread_in_native, id=8752, stack(0x0000000001650000,0x0000000001750000)]
  0x000000002546f000 JavaThread "Daemon Thread 2" [_thread_blocked, id=17248, stack(0x0000000001550000,0x0000000001650000)]
  0x000000001c43a000 JavaThread "Cache worker for execution history cache (C:\Users\ASUS\.gradle\caches\6.1.1\executionHistory)" [_thread_blocked, id=10196, stack(0x00000000211e0000,0x00000000212e0000)]
  0x000000001c436800 JavaThread "Cache worker for file hash cache (C:\Users\ASUS\.gradle\caches\6.1.1\fileHashes)" [_thread_blocked, id=15272, stack(0x000000001e6a0000,0x000000001e7a0000)]
  0x000000001c438800 JavaThread "File lock request listener" [_thread_in_native, id=7092, stack(0x000000001e5a0000,0x000000001e6a0000)]
  0x000000001c3b1800 JavaThread "Cache worker for journal cache (C:\Users\ASUS\.gradle\caches\journal-1)" [_thread_blocked, id=2312, stack(0x000000001e4a0000,0x000000001e5a0000)]
  0x000000001c262800 JavaThread "Daemon periodic checks" [_thread_blocked, id=16844, stack(0x000000001d7a0000,0x000000001d8a0000)]
  0x000000001c23b000 JavaThread "Incoming local TCP Connector on port 58697" [_thread_in_native, id=12604, stack(0x000000001d560000,0x000000001d660000)]
  0x000000001c1ca800 JavaThread "Daemon health stats" [_thread_blocked, id=16100, stack(0x000000001cf20000,0x000000001d020000)]
  0x0000000018bc2000 JavaThread "Service Thread" daemon [_thread_blocked, id=15192, stack(0x000000001a580000,0x000000001a680000)]
  0x0000000018b42800 JavaThread "C1 CompilerThread3" daemon [_thread_in_native, id=2680, stack(0x000000001a480000,0x000000001a580000)]
  0x0000000018b42000 JavaThread "C2 CompilerThread2" daemon [_thread_blocked, id=13904, stack(0x000000001a380000,0x000000001a480000)]
  0x0000000018b3d000 JavaThread "C2 CompilerThread1" daemon [_thread_in_vm, id=8088, stack(0x000000001a280000,0x000000001a380000)]
=>0x0000000018b34800 JavaThread "C2 CompilerThread0" daemon [_thread_in_native, id=14932, stack(0x000000001a180000,0x000000001a280000)]
  0x0000000018b32800 JavaThread "Attach Listener" daemon [_thread_blocked, id=2232, stack(0x000000001a080000,0x000000001a180000)]
  0x0000000018b31000 JavaThread "Signal Dispatcher" daemon [_thread_blocked, id=2600, stack(0x0000000019f80000,0x000000001a080000)]
  0x000000000348b000 JavaThread "Finalizer" daemon [_thread_blocked, id=12956, stack(0x0000000019d80000,0x0000000019e80000)]
  0x0000000018b23000 JavaThread "Reference Handler" daemon [_thread_blocked, id=8628, stack(0x0000000019c80000,0x0000000019d80000)]
  0x000000000338e000 JavaThread "main" [_thread_blocked, id=16956, stack(0x00000000031f0000,0x00000000032f0000)]

Other Threads:
  0x0000000017446800 VMThread [stack: 0x0000000019b80000,0x0000000019c80000] [id=152]
  0x0000000018bc3000 WatcherThread [stack: 0x000000001a680000,0x000000001a780000] [id=12496]

VM state:not at safepoint (normal execution)

VM Mutex/Monitor currently owned by a thread: None

heap address: 0x00000000a0000000, size: 1536 MB, Compressed Oops mode: 32-bit
Narrow klass base: 0x0000000000000000, Narrow klass shift: 3
Compressed class space size: 1073741824 Address: 0x0000000100000000

Heap:
 PSYoungGen      total 408576K, used 8148K [0x00000000e0000000, 0x00000000fce00000, 0x0000000100000000)
  eden space 370688K, 2% used [0x00000000e0000000,0x00000000e07f5320,0x00000000f6a00000)
  from space 37888K, 0% used [0x00000000f9680000,0x00000000f9680000,0x00000000fbb80000)
  to   space 45568K, 0% used [0x00000000f6a00000,0x00000000f6a00000,0x00000000f9680000)
 ParOldGen       total 148480K, used 66267K [0x00000000a0000000, 0x00000000a9100000, 0x00000000e0000000)
  object space 148480K, 44% used [0x00000000a0000000,0x00000000a40b6e08,0x00000000a9100000)
 Metaspace       used 92807K, capacity 96634K, committed 98560K, reserved 1134592K
  class space    used 12121K, capacity 12969K, committed 13312K, reserved 1048576K

Card table byte_map: [0x0000000012850000,0x0000000012b60000] byte_map_base: 0x0000000012350000

Marking Bits: (ParMarkBitMap*) 0x000000005de4f030
 Begin Bits: [0x0000000013760000, 0x0000000014f60000)
 End Bits:   [0x0000000014f60000, 0x0000000016760000)

Polling page: 0x0000000001420000

CodeCache: size=245760Kb used=38324Kb max_used=38354Kb free=207435Kb
 bounds [0x0000000003490000, 0x0000000005a30000, 0x0000000012490000]
 total_blobs=12786 nmethods=11897 adapters=802
 compilation: enabled

Compilation events (10 events):
Event: 303.127 Thread 0x0000000018b42800 13637       3       sun.reflect.UnsafeQualifiedStaticFieldAccessorImpl::<init> (11 bytes)
Event: 303.127 Thread 0x0000000018b42800 nmethod 13637 0x00000000059f6550 code [0x00000000059f66c0, 0x00000000059f69b8]
Event: 303.127 Thread 0x0000000018b42000 nmethod 13632 0x0000000005a22f90 code [0x0000000005a230e0, 0x0000000005a23298]
Event: 303.127 Thread 0x0000000018b42000 13636 %     4       java.util.ComparableTimSort::binarySort @ 32 (223 bytes)
Event: 303.878 Thread 0x0000000018b42800 13638       3       java.io.ObjectStreamClass$3::run (5 bytes)
Event: 303.879 Thread 0x0000000018b42800 nmethod 13638 0x0000000005a22bd0 code [0x0000000005a22d40, 0x0000000005a22ee8]
Event: 303.881 Thread 0x0000000018b42000 nmethod 13636% 0x0000000005a2b5d0 code [0x0000000005a2b740, 0x0000000005a2be98]
Event: 303.881 Thread 0x0000000018b42000 13641   !   4       java.lang.ref.Reference::tryHandlePending (115 bytes)
Event: 303.882 Thread 0x0000000018b42800 13639   !   3       java.io.ObjectStreamClass$3::run (353 bytes)
Event: 303.883 Thread 0x0000000018b42800 nmethod 13639 0x0000000003a1d9d0 code [0x0000000003a1dd60, 0x0000000003a1f738]

GC Heap History (10 events):
Event: 6.455 GC heap before
{Heap before GC invocations=12 (full 3):
 PSYoungGen      total 305664K, used 20474K [0x00000000e0000000, 0x00000000f7c00000, 0x0000000100000000)
  eden space 285184K, 0% used [0x00000000e0000000,0x00000000e0000000,0x00000000f1680000)
  from space 20480K, 99% used [0x00000000f1680000,0x00000000f2a7e998,0x00000000f2a80000)
  to   space 24064K, 0% used [0x00000000f6480000,0x00000000f6480000,0x00000000f7c00000)
 ParOldGen       total 95744K, used 26556K [0x00000000a0000000, 0x00000000a5d80000, 0x00000000e0000000)
  object space 95744K, 27% used [0x00000000a0000000,0x00000000a19ef208,0x00000000a5d80000)
 Metaspace       used 56841K, capacity 59038K, committed 59136K, reserved 1099776K
  class space    used 7611K, capacity 8119K, committed 8192K, reserved 1048576K
Event: 6.590 GC heap after
Heap after GC invocations=12 (full 3):
 PSYoungGen      total 305664K, used 0K [0x00000000e0000000, 0x00000000f7c00000, 0x0000000100000000)
  eden space 285184K, 0% used [0x00000000e0000000,0x00000000e0000000,0x00000000f1680000)
  from space 20480K, 0% used [0x00000000f1680000,0x00000000f1680000,0x00000000f2a80000)
  to   space 24064K, 0% used [0x00000000f6480000,0x00000000f6480000,0x00000000f7c00000)
 ParOldGen       total 148480K, used 33412K [0x00000000a0000000, 0x00000000a9100000, 0x00000000e0000000)
  object space 148480K, 22% used [0x00000000a0000000,0x00000000a20a10a0,0x00000000a9100000)
 Metaspace       used 56771K, capacity 58830K, committed 59136K, reserved 1099776K
  class space    used 7593K, capacity 8091K, committed 8192K, reserved 1048576K
}
Event: 8.493 GC heap before
{Heap before GC invocations=13 (full 3):
 PSYoungGen      total 305664K, used 285184K [0x00000000e0000000, 0x00000000f7c00000, 0x0000000100000000)
  eden space 285184K, 100% used [0x00000000e0000000,0x00000000f1680000,0x00000000f1680000)
  from space 20480K, 0% used [0x00000000f1680000,0x00000000f1680000,0x00000000f2a80000)
  to   space 24064K, 0% used [0x00000000f6480000,0x00000000f6480000,0x00000000f7c00000)
 ParOldGen       total 148480K, used 33412K [0x00000000a0000000, 0x00000000a9100000, 0x00000000e0000000)
  object space 148480K, 22% used [0x00000000a0000000,0x00000000a20a10a0,0x00000000a9100000)
 Metaspace       used 71072K, capacity 74450K, committed 74752K, reserved 1114112K
  class space    used 9756K, capacity 10416K, committed 10496K, reserved 1048576K
Event: 8.509 GC heap after
Heap after GC invocations=13 (full 3):
 PSYoungGen      total 356864K, used 23546K [0x00000000e0000000, 0x00000000f7b80000, 0x0000000100000000)
  eden space 333312K, 0% used [0x00000000e0000000,0x00000000e0000000,0x00000000f4580000)
  from space 23552K, 99% used [0x00000000f6480000,0x00000000f7b7e9b8,0x00000000f7b80000)
  to   space 27136K, 0% used [0x00000000f4680000,0x00000000f4680000,0x00000000f6100000)
 ParOldGen       total 148480K, used 33420K [0x00000000a0000000, 0x00000000a9100000, 0x00000000e0000000)
  object space 148480K, 22% used [0x00000000a0000000,0x00000000a20a30a0,0x00000000a9100000)
 Metaspace       used 71072K, capacity 74450K, committed 74752K, reserved 1114112K
  class space    used 9756K, capacity 10416K, committed 10496K, reserved 1048576K
}
Event: 299.593 GC heap before
{Heap before GC invocations=14 (full 3):
 PSYoungGen      total 356864K, used 356858K [0x00000000e0000000, 0x00000000f7b80000, 0x0000000100000000)
  eden space 333312K, 100% used [0x00000000e0000000,0x00000000f4580000,0x00000000f4580000)
  from space 23552K, 99% used [0x00000000f6480000,0x00000000f7b7e9b8,0x00000000f7b80000)
  to   space 27136K, 0% used [0x00000000f4680000,0x00000000f4680000,0x00000000f6100000)
 ParOldGen       total 148480K, used 33420K [0x00000000a0000000, 0x00000000a9100000, 0x00000000e0000000)
  object space 148480K, 22% used [0x00000000a0000000,0x00000000a20a30a0,0x00000000a9100000)
 Metaspace       used 83018K, capacity 87406K, committed 87680K, reserved 1124352K
  class space    used 11052K, capacity 11883K, committed 11904K, reserved 1048576K
Event: 299.626 GC heap after
Heap after GC invocations=14 (full 3):
 PSYoungGen      total 361472K, used 27124K [0x00000000e0000000, 0x00000000fbb80000, 0x0000000100000000)
  eden space 334336K, 0% used [0x00000000e0000000,0x00000000e0000000,0x00000000f4680000)
  from space 27136K, 99% used [0x00000000f4680000,0x00000000f60fd280,0x00000000f6100000)
  to   space 37888K, 0% used [0x00000000f9680000,0x00000000f9680000,0x00000000fbb80000)
 ParOldGen       total 148480K, used 51274K [0x00000000a0000000, 0x00000000a9100000, 0x00000000e0000000)
  object space 148480K, 34% used [0x00000000a0000000,0x00000000a3212a60,0x00000000a9100000)
 Metaspace       used 83018K, capacity 87406K, committed 87680K, reserved 1124352K
  class space    used 11052K, capacity 11883K, committed 11904K, reserved 1048576K
}
Event: 303.129 GC heap before
{Heap before GC invocations=15 (full 3):
 PSYoungGen      total 361472K, used 262136K [0x00000000e0000000, 0x00000000fbb80000, 0x0000000100000000)
  eden space 334336K, 70% used [0x00000000e0000000,0x00000000ee5810a0,0x00000000f4680000)
  from space 27136K, 99% used [0x00000000f4680000,0x00000000f60fd280,0x00000000f6100000)
  to   space 37888K, 0% used [0x00000000f9680000,0x00000000f9680000,0x00000000fbb80000)
 ParOldGen       total 148480K, used 51274K [0x00000000a0000000, 0x00000000a9100000, 0x00000000e0000000)
  object space 148480K, 34% used [0x00000000a0000000,0x00000000a3212a60,0x00000000a9100000)
 Metaspace       used 93557K, capacity 98466K, committed 98560K, reserved 1134592K
  class space    used 12307K, capacity 13287K, committed 13312K, reserved 1048576K
Event: 303.182 GC heap after
Heap after GC invocations=15 (full 3):
 PSYoungGen      total 408576K, used 37885K [0x00000000e0000000, 0x00000000fce00000, 0x0000000100000000)
  eden space 370688K, 0% used [0x00000000e0000000,0x00000000e0000000,0x00000000f6a00000)
  from space 37888K, 99% used [0x00000000f9680000,0x00000000fbb7f638,0x00000000fbb80000)
  to   space 45568K, 0% used [0x00000000f6a00000,0x00000000f6a00000,0x00000000f9680000)
 ParOldGen       total 148480K, used 55370K [0x00000000a0000000, 0x00000000a9100000, 0x00000000e0000000)
  object space 148480K, 37% used [0x00000000a0000000,0x00000000a3612b08,0x00000000a9100000)
 Metaspace       used 93557K, capacity 98466K, committed 98560K, reserved 1134592K
  class space    used 12307K, capacity 13287K, committed 13312K, reserved 1048576K
}
Event: 303.182 GC heap before
{Heap before GC invocations=16 (full 4):
 PSYoungGen      total 408576K, used 37885K [0x00000000e0000000, 0x00000000fce00000, 0x0000000100000000)
  eden space 370688K, 0% used [0x00000000e0000000,0x00000000e0000000,0x00000000f6a00000)
  from space 37888K, 99% used [0x00000000f9680000,0x00000000fbb7f638,0x00000000fbb80000)
  to   space 45568K, 0% used [0x00000000f6a00000,0x00000000f6a00000,0x00000000f9680000)
 ParOldGen       total 148480K, used 55370K [0x00000000a0000000, 0x00000000a9100000, 0x00000000e0000000)
  object space 148480K, 37% used [0x00000000a0000000,0x00000000a3612b08,0x00000000a9100000)
 Metaspace       used 93557K, capacity 98466K, committed 98560K, reserved 1134592K
  class space    used 12307K, capacity 13287K, committed 13312K, reserved 1048576K
Event: 303.877 GC heap after
Heap after GC invocations=16 (full 4):
 PSYoungGen      total 408576K, used 0K [0x00000000e0000000, 0x00000000fce00000, 0x0000000100000000)
  eden space 370688K, 0% used [0x00000000e0000000,0x00000000e0000000,0x00000000f6a00000)
  from space 37888K, 0% used [0x00000000f9680000,0x00000000f9680000,0x00000000fbb80000)
  to   space 45568K, 0% used [0x00000000f6a00000,0x00000000f6a00000,0x00000000f9680000)
 ParOldGen       total 148480K, used 66267K [0x00000000a0000000, 0x00000000a9100000, 0x00000000e0000000)
  object space 148480K, 44% used [0x00000000a0000000,0x00000000a40b6e08,0x00000000a9100000)
 Metaspace       used 92741K, capacity 96530K, committed 98560K, reserved 1134592K
  class space    used 12104K, capacity 12925K, committed 13312K, reserved 1048576K
}

Deoptimization events (10 events):
Event: 303.091 Thread 0x000000001ea25000 Uncommon trap: reason=class_check action=maybe_recompile pc=0x000000000552d9a4 method=com.google.common.collect.ImmutableMap.copyOf(Ljava/util/Map;)Lcom/google/common/collect/ImmutableMap; @ 49
Event: 303.098 Thread 0x000000001ea25000 Uncommon trap: reason=class_check action=maybe_recompile pc=0x00000000059f5214 method=com.android.tools.build.apkzlib.zip.ZipField.checkVerifiesInvariants(J)V @ 25
Event: 303.115 Thread 0x000000001ea25000 Uncommon trap: reason=class_check action=maybe_recompile pc=0x000000000552d9a4 method=com.google.common.collect.ImmutableMap.copyOf(Ljava/util/Map;)Lcom/google/common/collect/ImmutableMap; @ 49
Event: 303.118 Thread 0x000000001ea25000 Uncommon trap: reason=class_check action=maybe_recompile pc=0x00000000059f5214 method=com.android.tools.build.apkzlib.zip.ZipField.checkVerifiesInvariants(J)V @ 25
Event: 303.119 Thread 0x000000001ea25000 Uncommon trap: reason=class_check action=maybe_recompile pc=0x000000000552d9a4 method=com.google.common.collect.ImmutableMap.copyOf(Ljava/util/Map;)Lcom/google/common/collect/ImmutableMap; @ 49
Event: 303.122 Thread 0x000000001ea25000 Uncommon trap: reason=class_check action=maybe_recompile pc=0x00000000059f5214 method=com.android.tools.build.apkzlib.zip.ZipField.checkVerifiesInvariants(J)V @ 25
Event: 303.125 Thread 0x000000001ea22000 Uncommon trap: reason=class_check action=maybe_recompile pc=0x000000000557c830 method=java.util.Spliterators$1Adapter.hasNext()Z @ 12
Event: 303.128 Thread 0x000000001ea22000 Uncommon trap: reason=class_check action=maybe_recompile pc=0x000000000557c830 method=java.util.Spliterators$1Adapter.hasNext()Z @ 12
Event: 303.883 Thread 0x000000001ea22000 Uncommon trap: reason=class_check action=maybe_recompile pc=0x000000000557c830 method=java.util.Spliterators$1Adapter.hasNext()Z @ 12
Event: 303.884 Thread 0x000000001ea22000 Uncommon trap: reason=class_check action=maybe_recompile pc=0x000000000557c830 method=java.util.Spliterators$1Adapter.hasNext()Z @ 12

Classes redefined (0 events):
No events

Internal exceptions (10 events):
Event: 302.910 Thread 0x000000001ea1e000 Exception <a 'sun/nio/fs/WindowsException'> (0x00000000ec060ba8) thrown at [C:\src\AOSP-openjdk-git\hotspot\src\share\vm\prims\jni.cpp, line 710]
Event: 302.910 Thread 0x000000001ea1e000 Exception <a 'sun/nio/fs/WindowsException'> (0x00000000ec061c40) thrown at [C:\src\AOSP-openjdk-git\hotspot\src\share\vm\prims\jni.cpp, line 710]
Event: 302.914 Thread 0x000000001ea1e000 Exception <a 'java/lang/NoSuchMethodError': <clinit>> (0x00000000ec09d9d0) thrown at [C:\src\AOSP-openjdk-git\hotspot\src\share\vm\prims\jni.cpp, line 1615]
Event: 302.914 Thread 0x000000001ea1e000 Exception <a 'java/lang/NoSuchMethodError': <clinit>> (0x00000000ec0b6378) thrown at [C:\src\AOSP-openjdk-git\hotspot\src\share\vm\prims\jni.cpp, line 1615]
Event: 302.922 Thread 0x000000001ea25000 Exception <a 'sun/nio/fs/WindowsException'> (0x00000000ec217180) thrown at [C:\src\AOSP-openjdk-git\hotspot\src\share\vm\prims\jni.cpp, line 710]
Event: 302.928 Thread 0x000000001ea25000 Exception <a 'java/lang/NoSuchMethodError': java.lang.Object.lambda$asRunnable$0(Lcom/android/tools/build/apkzlib/utils/IOExceptionRunnable;)V> (0x00000000ec455d60) thrown at [C:\src\AOSP-openjdk-git\hotspot\src\share\vm\interpreter\linkResolver.cpp, line
Event: 302.990 Thread 0x000000001ea25000 Exception <a 'java/lang/NoSuchMethodError': java.lang.Object.newSystemTemporaryDirectory()Lcom/android/tools/build/apkzlib/bytestorage/TemporaryDirectory;> (0x00000000ed0475e0) thrown at [C:\src\AOSP-openjdk-git\hotspot\src\share\vm\interpreter\linkResolv
Event: 302.990 Thread 0x000000001cbf3800 Exception <a 'java/lang/NoSuchMethodError': java.lang.Object.lambda$static$0(Ljava/lang/String;)Z> (0x00000000ecf0eec0) thrown at [C:\src\AOSP-openjdk-git\hotspot\src\share\vm\interpreter\linkResolver.cpp, line 620]
Event: 303.030 Thread 0x000000001c43b000 Exception <a 'java/lang/NoSuchMethodError': <clinit>> (0x00000000ed5e1498) thrown at [C:\src\AOSP-openjdk-git\hotspot\src\share\vm\prims\jni.cpp, line 1615]
Event: 303.128 Thread 0x000000001ea1c000 Exception <a 'java/lang/NoSuchMethodError': <clinit>> (0x00000000ee31ed68) thrown at [C:\src\AOSP-openjdk-git\hotspot\src\share\vm\prims\jni.cpp, line 1615]

Events (10 events):
Event: 303.881 loading class com/android/tools/r8/ProgramResource$Kind
Event: 303.881 loading class com/android/tools/r8/ProgramResource$Kind done
Event: 303.882 loading class com/android/tools/r8/ProgramResource$ByteResource
Event: 303.882 loading class com/android/tools/r8/ProgramResource$ByteResource done
Event: 303.883 Thread 0x000000001ea22000 Uncommon trap: trap_request=0xffffffde fr.pc=0x000000000557c830
Event: 303.883 Thread 0x000000001ea22000 DEOPT PACKING pc=0x000000000557c830 sp=0x000000002847dee0
Event: 303.883 Thread 0x000000001ea22000 DEOPT UNPACKING pc=0x00000000034d557b sp=0x000000002847de90 mode 2
Event: 303.884 Thread 0x000000001ea22000 Uncommon trap: trap_request=0xffffffde fr.pc=0x000000000557c830
Event: 303.884 Thread 0x000000001ea22000 DEOPT PACKING pc=0x000000000557c830 sp=0x000000002847dee0
Event: 303.884 Thread 0x000000001ea22000 DEOPT UNPACKING pc=0x00000000034d557b sp=0x000000002847de90 mode 2


Dynamic libraries:
0x00007ff6c10f0000 - 0x00007ff6c1121000 	C:\Program Files\Android\Android Studio\jre\bin\java.exe
0x00007ffbd8200000 - 0x00007ffbd83f0000 	C:\Windows\SYSTEM32\ntdll.dll
0x00007ffbd7a00000 - 0x00007ffbd7ab2000 	C:\Windows\System32\KERNEL32.DLL
0x00007ffbd5780000 - 0x00007ffbd5a25000 	C:\Windows\System32\KERNELBASE.dll
0x00007ffbd7ac0000 - 0x00007ffbd7b63000 	C:\Windows\System32\ADVAPI32.dll
0x00007ffbd6c10000 - 0x00007ffbd6cae000 	C:\Windows\System32\msvcrt.dll
0x00007ffbd7f10000 - 0x00007ffbd7fa7000 	C:\Windows\System32\sechost.dll
0x00007ffbd7be0000 - 0x00007ffbd7d00000 	C:\Windows\System32\RPCRT4.dll
0x00007ffbd7d00000 - 0x00007ffbd7e95000 	C:\Windows\System32\USER32.dll
0x00007ffbd5190000 - 0x00007ffbd51b1000 	C:\Windows\System32\win32u.dll
0x00007ffbd6b50000 - 0x00007ffbd6b76000 	C:\Windows\System32\GDI32.dll
0x00007ffbd5210000 - 0x00007ffbd53a6000 	C:\Windows\System32\gdi32full.dll
0x00007ffbd5590000 - 0x00007ffbd562e000 	C:\Windows\System32\msvcp_win.dll
0x00007ffbd61b0000 - 0x00007ffbd62aa000 	C:\Windows\System32\ucrtbase.dll
0x00007ffbc2560000 - 0x00007ffbc27e4000 	C:\Windows\WinSxS\amd64_microsoft.windows.common-controls_6595b64144ccf1df_6.0.18362.1082_none_9e8193e1e45b25c1\COMCTL32.dll
0x00007ffbd6380000 - 0x00007ffbd66b5000 	C:\Windows\System32\combase.dll
0x00007ffbd5510000 - 0x00007ffbd5590000 	C:\Windows\System32\bcryptPrimitives.dll
0x00007ffbd74d0000 - 0x00007ffbd74fe000 	C:\Windows\System32\IMM32.DLL
0x000000005d5a0000 - 0x000000005d672000 	C:\Program Files\Android\Android Studio\jre\jre\bin\msvcr100.dll
0x000000005d680000 - 0x000000005decb000 	C:\Program Files\Android\Android Studio\jre\jre\bin\server\jvm.dll
0x00007ffbd6c00000 - 0x00007ffbd6c08000 	C:\Windows\System32\PSAPI.DLL
0x00007ffbcf160000 - 0x00007ffbcf16a000 	C:\Windows\SYSTEM32\VERSION.dll
0x00007ffbcfae0000 - 0x00007ffbcfae9000 	C:\Windows\SYSTEM32\WSOCK32.dll
0x00007ffbcc460000 - 0x00007ffbcc484000 	C:\Windows\SYSTEM32\WINMM.dll
0x00007ffbd7b70000 - 0x00007ffbd7bdf000 	C:\Windows\System32\WS2_32.dll
0x00007ffbcc430000 - 0x00007ffbcc45d000 	C:\Windows\SYSTEM32\WINMMBASE.dll
0x00007ffbd51c0000 - 0x00007ffbd520a000 	C:\Windows\System32\cfgmgr32.dll
0x00007ffbcfad0000 - 0x00007ffbcfadf000 	C:\Program Files\Android\Android Studio\jre\jre\bin\verify.dll
0x00007ffbc6de0000 - 0x00007ffbc6e09000 	C:\Program Files\Android\Android Studio\jre\jre\bin\java.dll
0x00007ffbb83f0000 - 0x00007ffbb8406000 	C:\Program Files\Android\Android Studio\jre\jre\bin\zip.dll
0x00007ffbd6cb0000 - 0x00007ffbd7397000 	C:\Windows\System32\SHELL32.dll
0x00007ffbd7570000 - 0x00007ffbd7619000 	C:\Windows\System32\shcore.dll
0x00007ffbd5a30000 - 0x00007ffbd61b0000 	C:\Windows\System32\windows.storage.dll
0x00007ffbd50d0000 - 0x00007ffbd50f3000 	C:\Windows\System32\profapi.dll
0x00007ffbd5140000 - 0x00007ffbd518a000 	C:\Windows\System32\powrprof.dll
0x00007ffbd50c0000 - 0x00007ffbd50d0000 	C:\Windows\System32\UMPDC.dll
0x00007ffbd73a0000 - 0x00007ffbd73f2000 	C:\Windows\System32\shlwapi.dll
0x00007ffbd5120000 - 0x00007ffbd5131000 	C:\Windows\System32\kernel.appcore.dll
0x00007ffbd53b0000 - 0x00007ffbd53c7000 	C:\Windows\System32\cryptsp.dll
0x00007ffbaffb0000 - 0x00007ffbaffca000 	C:\Program Files\Android\Android Studio\jre\jre\bin\net.dll
0x00007ffbd48b0000 - 0x00007ffbd4917000 	C:\Windows\system32\mswsock.dll
0x00007ffbafc80000 - 0x00007ffbafc93000 	C:\Program Files\Android\Android Studio\jre\jre\bin\nio.dll
0x00007ffbc7170000 - 0x00007ffbc7196000 	C:\Users\ASUS\.gradle\native\31\windows-amd64\native-platform.dll
0x00007ffbccd00000 - 0x00007ffbccd0d000 	C:\Program Files\Android\Android Studio\jre\jre\bin\management.dll
0x00007ffbd4420000 - 0x00007ffbd4453000 	C:\Windows\system32\rsaenh.dll
0x00007ffbd53d0000 - 0x00007ffbd53f6000 	C:\Windows\System32\bcrypt.dll
0x00007ffbd4fa0000 - 0x00007ffbd4fc5000 	C:\Windows\SYSTEM32\USERENV.dll
0x00007ffbd4a80000 - 0x00007ffbd4a8c000 	C:\Windows\SYSTEM32\CRYPTBASE.dll
0x00007ffbd45c0000 - 0x00007ffbd45fa000 	C:\Windows\SYSTEM32\IPHLPAPI.DLL
0x00007ffbd7ea0000 - 0x00007ffbd7ea8000 	C:\Windows\System32\NSI.dll
0x00007ffbcf190000 - 0x00007ffbcf1a6000 	C:\Windows\SYSTEM32\dhcpcsvc6.DLL
0x00007ffbcf170000 - 0x00007ffbcf18c000 	C:\Windows\SYSTEM32\dhcpcsvc.DLL
0x00007ffbd4600000 - 0x00007ffbd46cb000 	C:\Windows\SYSTEM32\DNSAPI.dll

VM Arguments:
jvm_args: -Xmx1536m -Dfile.encoding=windows-1252 -Duser.country=US -Duser.language=en -Duser.variant 
java_command: org.gradle.launcher.daemon.bootstrap.GradleDaemon 6.1.1
java_class_path (initial): C:\Users\ASUS\.gradle\wrapper\dists\gradle-6.1.1-all\cfmwm155h49vnt3hynmlrsdst\gradle-6.1.1\lib\gradle-launcher-6.1.1.jar
Launcher Type: SUN_STANDARD

Environment Variables:
PATH=C:\ProgramData\Oracle\Java\javapath;C:\Program Files (x86)\Common Files\Intel\Shared Files\cpp\bin\Intel64;C:\Windows\system32;C:\Windows;C:\Windows\System32\Wbem;C:\Windows\System32\WindowsPowerShell\v1.0\;C:\Windows\System32\OpenSSH\;C:\Program Files (x86)\NVIDIA Corporation\PhysX\Common;C:\Program Files\NVIDIA Corporation\NVIDIA NvDLISR;C:\Windows\system32;C:\Windows;C:\Windows\System32\Wbem;C:\Windows\System32\WindowsPowerShell\v1.0\;C:\Windows\System32\OpenSSH\;C:\Program Files\Microsoft SQL Server\110\Tools\Binn\;C:\Program Files (x86)\Microsoft SQL Server\110\Tools\Binn\;C:\Program Files\Microsoft SQL Server\110\DTS\Binn\;C:\Program Files (x86)\Microsoft SQL Server\110\Tools\Binn\ManagementStudio\;C:\Program Files (x86)\Microsoft Visual Studio 10.0\Common7\IDE\PrivateAssemblies\;C:\Program Files (x86)\Microsoft SQL Server\110\DTS\Binn\;C:\Program Files\dotnet\;C:\Program Files\Microsoft SQL Server\130\Tools\Binn\;C:\Program Files\Microsoft SQL Server\Client SDK\ODBC\170\Tools\Binn\;C:\Program Files\Git\cmd;C:\Users\ASUS\AppData\Local\Microsoft\WindowsApps;C:\Users\ASUS\AppData\Local\Programs\Microsoft VS Code\bin;C:\Users\ASUS\AppData\Local\GitHubDesktop\bin
USERNAME=ASUS
OS=Windows_NT
PROCESSOR_IDENTIFIER=AMD64 Family 23 Model 96 Stepping 1, AuthenticAMD



---------------  S Y S T E M  ---------------

OS: Windows 10.0 , 64 bit Build 18362 (10.0.18362.1082)

CPU:total 12 (initial active 12) (12 cores per cpu, 1 threads per core) family 23 model 96 stepping 1, cmov, cx8, fxsr, mmx, sse, sse2, sse3, ssse3, sse4.1, sse4.2, popcnt, avx, avx2, aes, clmul, mmxext, 3dnowpref, lzcnt, sse4a, tsc, tscinvbit, tscinv, bmi1

Memory: 4k page, physical 7781768k(310512k free), swap 11976072k(0k free)

vm_info: OpenJDK 64-Bit Server VM (25.242-b01) for windows-amd64 JRE (1.8.0_242-release-1644-b01), built by "builder" with MS VC++ 10.0 (VS2010)

time: Wed Nov 04 15:25:24 2020
timezone: SE Asia Standard Time
elapsed time: 303 seconds (0d 0h 5m 3s)

