#
# There is insufficient memory for the Java Runtime Environment to continue.
# Native memory allocation (malloc) failed to allocate 1411936 bytes for Chunk::new
# Possible reasons:
#   The system is out of physical RAM or swap space
#   The process is running with CompressedOops enabled, and the Java Heap may be blocking the growth of the native heap
# Possible solutions:
#   Reduce memory load on the system
#   Increase physical memory or swap space
#   Check if swap backing store is full
#   Decrease Java heap size (-Xmx/-Xms)
#   Decrease number of Java threads
#   Decrease Java thread stack sizes (-Xss)
#   Set larger code cache with -XX:ReservedCodeCacheSize=
#   JVM is running with Unscaled Compressed Oops mode in which the Java heap is
#     placed in the first 4GB address space. The Java Heap base address is the
#     maximum limit for the native heap growth. Please use -XX:HeapBaseMinAddress
#     to set the Java Heap base and to place the Java Heap above 4GB virtual address.
# This output file may be truncated or incomplete.
#
#  Out of Memory Error (allocation.cpp:389), pid=4320, tid=0x0000000000002160
#
# JRE version: OpenJDK Runtime Environment (8.0_242-b01) (build 1.8.0_242-release-1644-b01)
# Java VM: OpenJDK 64-Bit Server VM (25.242-b01 mixed mode windows-amd64 compressed oops)
# Failed to write core dump. Minidumps are not enabled by default on client versions of Windows
#

---------------  T H R E A D  ---------------

Current thread (0x0000000017ee7000):  JavaThread "C2 CompilerThread0" daemon [_thread_in_native, id=8544, stack(0x0000000019530000,0x0000000019630000)]

Stack: [0x0000000019530000,0x0000000019630000]
[error occurred during error reporting (printing stack bounds), id 0xc0000005]

Native frames: (J=compiled Java code, j=interpreted, Vv=VM code, C=native code)


Current CompileTask:
C2:   1596 1468       4       java.net.URLClassLoader$1::run (5 bytes)


---------------  P R O C E S S  ---------------

Java Threads: ( => current thread )
  0x000000001b6d8000 JavaThread "Cache worker for file hash cache (C:\Users\ASUS\.gradle\caches\6.1.1\fileHashes)" [_thread_blocked, id=13364, stack(0x000000001da50000,0x000000001db50000)]
  0x000000001b6d7800 JavaThread "File lock request listener" [_thread_in_native, id=9456, stack(0x000000001d950000,0x000000001da50000)]
  0x000000001af71000 JavaThread "Cache worker for journal cache (C:\Users\ASUS\.gradle\caches\journal-1)" [_thread_blocked, id=6492, stack(0x000000001d850000,0x000000001d950000)]
  0x0000000019f0a000 JavaThread "Thread-9" [_thread_blocked, id=4760, stack(0x000000001d550000,0x000000001d650000)]
  0x0000000019e63800 JavaThread "Stdin handler" [_thread_blocked, id=4188, stack(0x000000001d450000,0x000000001d550000)]
  0x0000000019e62000 JavaThread "Asynchronous log dispatcher for DefaultDaemonConnection: socket connection from /127.0.0.1:50395 to /127.0.0.1:50396" [_thread_blocked, id=8868, stack(0x000000001d350000,0x000000001d450000)]
  0x0000000019e52000 JavaThread "Daemon worker" [_thread_in_vm, id=2676, stack(0x000000001d250000,0x000000001d350000)]
  0x0000000019e51800 JavaThread "Cancel handler" [_thread_blocked, id=15636, stack(0x000000001d050000,0x000000001d150000)]
  0x0000000019ce4800 JavaThread "Handler for socket connection from /127.0.0.1:50395 to /127.0.0.1:50396" [_thread_in_native, id=15328, stack(0x000000001cd50000,0x000000001ce50000)]
  0x0000000019ce1800 JavaThread "Daemon" [_thread_blocked, id=8212, stack(0x000000001cc50000,0x000000001cd50000)]
  0x000000001abfc800 JavaThread "Daemon periodic checks" [_thread_blocked, id=9008, stack(0x000000001cb50000,0x000000001cc50000)]
  0x000000001b540800 JavaThread "Incoming local TCP Connector on port 50395" [_thread_in_native, id=2296, stack(0x000000001c910000,0x000000001ca10000)]
  0x000000001b4a1800 JavaThread "Daemon health stats" [_thread_blocked, id=7532, stack(0x000000001c2d0000,0x000000001c3d0000)]
  0x0000000017f7b800 JavaThread "Service Thread" daemon [_thread_blocked, id=14096, stack(0x0000000019930000,0x0000000019a30000)]
  0x0000000017ef8800 JavaThread "C1 CompilerThread3" daemon [_thread_blocked, id=17008, stack(0x0000000019830000,0x0000000019930000)]
  0x0000000017ef7800 JavaThread "C2 CompilerThread2" daemon [_thread_in_native, id=12936, stack(0x0000000019730000,0x0000000019830000)]
  0x0000000017ef1000 JavaThread "C2 CompilerThread1" daemon [_thread_in_native, id=13220, stack(0x0000000019630000,0x0000000019730000)]
=>0x0000000017ee7000 JavaThread "C2 CompilerThread0" daemon [_thread_in_native, id=8544, stack(0x0000000019530000,0x0000000019630000)]
  0x0000000017ee2000 JavaThread "Attach Listener" daemon [_thread_blocked, id=11044, stack(0x0000000019430000,0x0000000019530000)]
  0x0000000017ee0800 JavaThread "Signal Dispatcher" daemon [_thread_blocked, id=3988, stack(0x0000000019330000,0x0000000019430000)]
  0x0000000016802000 JavaThread "Finalizer" daemon [_thread_blocked, id=14676, stack(0x0000000019130000,0x0000000019230000)]
  0x0000000017ed3000 JavaThread "Reference Handler" daemon [_thread_blocked, id=5572, stack(0x0000000019030000,0x0000000019130000)]
  0x000000000283e000 JavaThread "main" [_thread_blocked, id=14552, stack(0x00000000024d0000,0x00000000025d0000)]

Other Threads:
  0x00000000167f5800 VMThread [stack: 0x0000000018f30000,0x0000000019030000] [id=8856]
  0x0000000017f7c800 WatcherThread [stack: 0x0000000019a30000,0x0000000019b30000] [id=6304]

VM state:not at safepoint (normal execution)

VM Mutex/Monitor currently owned by a thread: None

heap address: 0x00000000a0000000, size: 1536 MB, Compressed Oops mode: 32-bit
Narrow klass base: 0x0000000000000000, Narrow klass shift: 3
Compressed class space size: 1073741824 Address: 0x0000000100000000

Heap:
 PSYoungGen      total 66560K, used 27722K [0x00000000e0000000, 0x00000000e4600000, 0x0000000100000000)
  eden space 61440K, 36% used [0x00000000e0000000,0x00000000e1615150,0x00000000e3c00000)
  from space 5120K, 99% used [0x00000000e4100000,0x00000000e45fd740,0x00000000e4600000)
  to   space 5120K, 0% used [0x00000000e3c00000,0x00000000e3c00000,0x00000000e4100000)
 ParOldGen       total 81920K, used 2779K [0x00000000a0000000, 0x00000000a5000000, 0x00000000e0000000)
  object space 81920K, 3% used [0x00000000a0000000,0x00000000a02b6fa8,0x00000000a5000000)
 Metaspace       used 15741K, capacity 16138K, committed 16384K, reserved 1062912K
  class space    used 2140K, capacity 2285K, committed 2304K, reserved 1048576K

Card table byte_map: [0x0000000011c00000,0x0000000011f10000] byte_map_base: 0x0000000011700000

Marking Bits: (ParMarkBitMap*) 0x000000005cc8f030
 Begin Bits: [0x0000000012b10000, 0x0000000014310000)
 End Bits:   [0x0000000014310000, 0x0000000015b10000)

Polling page: 0x00000000003c0000

CodeCache: size=245760Kb used=5289Kb max_used=5289Kb free=240470Kb
 bounds [0x0000000002840000, 0x0000000002d70000, 0x0000000011840000]
 total_blobs=1894 nmethods=1503 adapters=305
 compilation: enabled

Compilation events (10 events):
Event: 1.579 Thread 0x0000000017ef8800 nmethod 1499 0x0000000002d6afd0 code [0x0000000002d6b200, 0x0000000002d6bf78]
Event: 1.580 Thread 0x0000000017ef8800 1500       3       java.lang.invoke.DirectMethodHandle::internalMemberName (8 bytes)
Event: 1.580 Thread 0x0000000017ef8800 nmethod 1500 0x0000000002d6ab90 code [0x0000000002d6ad00, 0x0000000002d6af30]
Event: 1.580 Thread 0x0000000017ef8800 1501       3       java.lang.reflect.Constructor::setConstructorAccessor (21 bytes)
Event: 1.580 Thread 0x0000000017ef8800 nmethod 1501 0x0000000002d6a550 code [0x0000000002d6a6c0, 0x0000000002d6aa68]
Event: 1.583 Thread 0x0000000017ef8800 1503       3       java.lang.reflect.Modifier::isPrivate (12 bytes)
Event: 1.583 Thread 0x0000000017ef8800 nmethod 1503 0x0000000002d59d50 code [0x0000000002d59ea0, 0x0000000002d5a030]
Event: 1.584 Thread 0x0000000017ef8800 1504       3       java.lang.Package::<init> (56 bytes)
Event: 1.584 Thread 0x0000000017ef8800 nmethod 1504 0x0000000002d6a0d0 code [0x0000000002d6a220, 0x0000000002d6a490]
Event: 1.587 Thread 0x0000000017ef7800 1505   !   4       java.net.URLClassLoader$1::run (63 bytes)

GC Heap History (8 events):
Event: 0.484 GC heap before
{Heap before GC invocations=1 (full 0):
 PSYoungGen      total 35840K, used 30720K [0x00000000e0000000, 0x00000000e2800000, 0x0000000100000000)
  eden space 30720K, 100% used [0x00000000e0000000,0x00000000e1e00000,0x00000000e1e00000)
  from space 5120K, 0% used [0x00000000e2300000,0x00000000e2300000,0x00000000e2800000)
  to   space 5120K, 0% used [0x00000000e1e00000,0x00000000e1e00000,0x00000000e2300000)
 ParOldGen       total 81920K, used 0K [0x00000000a0000000, 0x00000000a5000000, 0x00000000e0000000)
  object space 81920K, 0% used [0x00000000a0000000,0x00000000a0000000,0x00000000a5000000)
 Metaspace       used 7152K, capacity 7368K, committed 7424K, reserved 1056768K
  class space    used 883K, capacity 968K, committed 1024K, reserved 1048576K
Event: 0.489 GC heap after
Heap after GC invocations=1 (full 0):
 PSYoungGen      total 35840K, used 4310K [0x00000000e0000000, 0x00000000e2800000, 0x0000000100000000)
  eden space 30720K, 0% used [0x00000000e0000000,0x00000000e0000000,0x00000000e1e00000)
  from space 5120K, 84% used [0x00000000e1e00000,0x00000000e22358e0,0x00000000e2300000)
  to   space 5120K, 0% used [0x00000000e2300000,0x00000000e2300000,0x00000000e2800000)
 ParOldGen       total 81920K, used 16K [0x00000000a0000000, 0x00000000a5000000, 0x00000000e0000000)
  object space 81920K, 0% used [0x00000000a0000000,0x00000000a0004000,0x00000000a5000000)
 Metaspace       used 7152K, capacity 7368K, committed 7424K, reserved 1056768K
  class space    used 883K, capacity 968K, committed 1024K, reserved 1048576K
}
Event: 0.595 GC heap before
{Heap before GC invocations=2 (full 0):
 PSYoungGen      total 35840K, used 35030K [0x00000000e0000000, 0x00000000e2800000, 0x0000000100000000)
  eden space 30720K, 100% used [0x00000000e0000000,0x00000000e1e00000,0x00000000e1e00000)
  from space 5120K, 84% used [0x00000000e1e00000,0x00000000e22358e0,0x00000000e2300000)
  to   space 5120K, 0% used [0x00000000e2300000,0x00000000e2300000,0x00000000e2800000)
 ParOldGen       total 81920K, used 16K [0x00000000a0000000, 0x00000000a5000000, 0x00000000e0000000)
  object space 81920K, 0% used [0x00000000a0000000,0x00000000a0004000,0x00000000a5000000)
 Metaspace       used 7327K, capacity 7560K, committed 7680K, reserved 1056768K
  class space    used 892K, capacity 968K, committed 1024K, reserved 1048576K
Event: 0.597 GC heap after
Heap after GC invocations=2 (full 0):
 PSYoungGen      total 35840K, used 3149K [0x00000000e0000000, 0x00000000e4600000, 0x0000000100000000)
  eden space 30720K, 0% used [0x00000000e0000000,0x00000000e0000000,0x00000000e1e00000)
  from space 5120K, 61% used [0x00000000e2300000,0x00000000e2613770,0x00000000e2800000)
  to   space 5120K, 0% used [0x00000000e1e00000,0x00000000e1e00000,0x00000000e2300000)
 ParOldGen       total 81920K, used 24K [0x00000000a0000000, 0x00000000a5000000, 0x00000000e0000000)
  object space 81920K, 0% used [0x00000000a0000000,0x00000000a0006000,0x00000000a5000000)
 Metaspace       used 7327K, capacity 7560K, committed 7680K, reserved 1056768K
  class space    used 892K, capacity 968K, committed 1024K, reserved 1048576K
}
Event: 1.154 GC heap before
{Heap before GC invocations=3 (full 0):
 PSYoungGen      total 35840K, used 33869K [0x00000000e0000000, 0x00000000e4600000, 0x0000000100000000)
  eden space 30720K, 100% used [0x00000000e0000000,0x00000000e1e00000,0x00000000e1e00000)
  from space 5120K, 61% used [0x00000000e2300000,0x00000000e2613770,0x00000000e2800000)
  to   space 5120K, 0% used [0x00000000e1e00000,0x00000000e1e00000,0x00000000e2300000)
 ParOldGen       total 81920K, used 24K [0x00000000a0000000, 0x00000000a5000000, 0x00000000e0000000)
  object space 81920K, 0% used [0x00000000a0000000,0x00000000a0006000,0x00000000a5000000)
 Metaspace       used 10932K, capacity 11214K, committed 11392K, reserved 1058816K
  class space    used 1443K, capacity 1569K, committed 1664K, reserved 1048576K
Event: 1.158 GC heap after
Heap after GC invocations=3 (full 0):
 PSYoungGen      total 35840K, used 5104K [0x00000000e0000000, 0x00000000e4600000, 0x0000000100000000)
  eden space 30720K, 0% used [0x00000000e0000000,0x00000000e0000000,0x00000000e1e00000)
  from space 5120K, 99% used [0x00000000e1e00000,0x00000000e22fc010,0x00000000e2300000)
  to   space 5120K, 0% used [0x00000000e4100000,0x00000000e4100000,0x00000000e4600000)
 ParOldGen       total 81920K, used 595K [0x00000000a0000000, 0x00000000a5000000, 0x00000000e0000000)
  object space 81920K, 0% used [0x00000000a0000000,0x00000000a0094e50,0x00000000a5000000)
 Metaspace       used 10932K, capacity 11214K, committed 11392K, reserved 1058816K
  class space    used 1443K, capacity 1569K, committed 1664K, reserved 1048576K
}
Event: 1.430 GC heap before
{Heap before GC invocations=4 (full 0):
 PSYoungGen      total 35840K, used 35824K [0x00000000e0000000, 0x00000000e4600000, 0x0000000100000000)
  eden space 30720K, 100% used [0x00000000e0000000,0x00000000e1e00000,0x00000000e1e00000)
  from space 5120K, 99% used [0x00000000e1e00000,0x00000000e22fc010,0x00000000e2300000)
  to   space 5120K, 0% used [0x00000000e4100000,0x00000000e4100000,0x00000000e4600000)
 ParOldGen       total 81920K, used 595K [0x00000000a0000000, 0x00000000a5000000, 0x00000000e0000000)
  object space 81920K, 0% used [0x00000000a0000000,0x00000000a0094e50,0x00000000a5000000)
 Metaspace       used 14087K, capacity 14526K, committed 14720K, reserved 1062912K
  class space    used 1927K, capacity 2089K, committed 2176K, reserved 1048576K
Event: 1.435 GC heap after
Heap after GC invocations=4 (full 0):
 PSYoungGen      total 66560K, used 5109K [0x00000000e0000000, 0x00000000e4600000, 0x0000000100000000)
  eden space 61440K, 0% used [0x00000000e0000000,0x00000000e0000000,0x00000000e3c00000)
  from space 5120K, 99% used [0x00000000e4100000,0x00000000e45fd740,0x00000000e4600000)
  to   space 5120K, 0% used [0x00000000e3c00000,0x00000000e3c00000,0x00000000e4100000)
 ParOldGen       total 81920K, used 2779K [0x00000000a0000000, 0x00000000a5000000, 0x00000000e0000000)
  object space 81920K, 3% used [0x00000000a0000000,0x00000000a02b6fa8,0x00000000a5000000)
 Metaspace       used 14087K, capacity 14526K, committed 14720K, reserved 1062912K
  class space    used 1927K, capacity 2089K, committed 2176K, reserved 1048576K
}

Deoptimization events (10 events):
Event: 0.909 Thread 0x000000000283e000 Uncommon trap: reason=unstable_if action=reinterpret pc=0x0000000002b7057c method=java.io.WinNTFileSystem.normalize(Ljava/lang/String;)Ljava/lang/String; @ 128
Event: 1.194 Thread 0x0000000019ce4800 Uncommon trap: reason=unstable_if action=reinterpret pc=0x0000000002c48e50 method=java.util.concurrent.ConcurrentHashMap.putVal(Ljava/lang/Object;Ljava/lang/Object;Z)Ljava/lang/Object; @ 206
Event: 1.208 Thread 0x0000000019ce4800 Uncommon trap: reason=unstable_if action=reinterpret pc=0x0000000002b46448 method=java.lang.String.substring(I)Ljava/lang/String; @ 35
Event: 1.234 Thread 0x0000000019e52000 Uncommon trap: reason=bimorphic action=maybe_recompile pc=0x0000000002b08810 method=java.util.HashMap.putVal(ILjava/lang/Object;Ljava/lang/Object;ZZ)Ljava/lang/Object; @ 253
Event: 1.234 Thread 0x0000000019e52000 Uncommon trap: reason=bimorphic action=maybe_recompile pc=0x0000000002b08810 method=java.util.HashMap.putVal(ILjava/lang/Object;Ljava/lang/Object;ZZ)Ljava/lang/Object; @ 253
Event: 1.234 Thread 0x0000000019e52000 Uncommon trap: reason=bimorphic action=maybe_recompile pc=0x0000000002b08810 method=java.util.HashMap.putVal(ILjava/lang/Object;Ljava/lang/Object;ZZ)Ljava/lang/Object; @ 253
Event: 1.402 Thread 0x0000000019e52000 Uncommon trap: reason=class_check action=maybe_recompile pc=0x0000000002b4eedc method=java.util.regex.Matcher.match(II)Z @ 86
Event: 1.413 Thread 0x0000000019e52000 Uncommon trap: reason=class_check action=maybe_recompile pc=0x0000000002b4eedc method=java.util.regex.Matcher.match(II)Z @ 86
Event: 1.413 Thread 0x0000000019e52000 Uncommon trap: reason=class_check action=maybe_recompile pc=0x0000000002b4eedc method=java.util.regex.Matcher.match(II)Z @ 86
Event: 1.414 Thread 0x0000000019e52000 Uncommon trap: reason=class_check action=maybe_recompile pc=0x00000000029f8708 method=java.util.regex.Matcher.match(II)Z @ 86

Classes redefined (0 events):
No events

Internal exceptions (10 events):
Event: 1.196 Thread 0x0000000019ce4800 Exception <a 'java/lang/NoSuchMethodError': <clinit>> (0x00000000e02a4338) thrown at [C:\src\AOSP-openjdk-git\hotspot\src\share\vm\prims\jni.cpp, line 1615]
Event: 1.197 Thread 0x0000000019ce4800 Exception <a 'java/lang/NoSuchMethodError': <clinit>> (0x00000000e02b9b60) thrown at [C:\src\AOSP-openjdk-git\hotspot\src\share\vm\prims\jni.cpp, line 1615]
Event: 1.199 Thread 0x0000000019ce4800 Exception <a 'java/lang/NoSuchMethodError': <clinit>> (0x00000000e02cc4e0) thrown at [C:\src\AOSP-openjdk-git\hotspot\src\share\vm\prims\jni.cpp, line 1615]
Event: 1.202 Thread 0x0000000019ce4800 Exception <a 'java/lang/NoSuchMethodError': <clinit>> (0x00000000e02f3260) thrown at [C:\src\AOSP-openjdk-git\hotspot\src\share\vm\prims\jni.cpp, line 1615]
Event: 1.203 Thread 0x0000000019ce4800 Exception <a 'java/lang/NoSuchMethodError': <clinit>> (0x00000000e030ae60) thrown at [C:\src\AOSP-openjdk-git\hotspot\src\share\vm\prims\jni.cpp, line 1615]
Event: 1.204 Thread 0x0000000019ce4800 Exception <a 'java/lang/NoSuchMethodError': <clinit>> (0x00000000e0313a18) thrown at [C:\src\AOSP-openjdk-git\hotspot\src\share\vm\prims\jni.cpp, line 1615]
Event: 1.205 Thread 0x0000000019ce4800 Exception <a 'java/lang/NoSuchMethodError': <clinit>> (0x00000000e0329e10) thrown at [C:\src\AOSP-openjdk-git\hotspot\src\share\vm\prims\jni.cpp, line 1615]
Event: 1.212 Thread 0x0000000019ce4800 Exception <a 'java/lang/NoSuchMethodError': <clinit>> (0x00000000e0390568) thrown at [C:\src\AOSP-openjdk-git\hotspot\src\share\vm\prims\jni.cpp, line 1615]
Event: 1.215 Thread 0x0000000019ce4800 Exception <a 'java/lang/NoSuchMethodError': <clinit>> (0x00000000e03bcd08) thrown at [C:\src\AOSP-openjdk-git\hotspot\src\share\vm\prims\jni.cpp, line 1615]
Event: 1.216 Thread 0x0000000019ce4800 Exception <a 'java/lang/NoSuchMethodError': <clinit>> (0x00000000e03d97d8) thrown at [C:\src\AOSP-openjdk-git\hotspot\src\share\vm\prims\jni.cpp, line 1615]

Events (10 events):
Event: 1.592 loading class org/gradle/initialization/NestedBuildFactory
Event: 1.592 loading class org/gradle/initialization/NestedBuildFactory done
Event: 1.592 loading class org/gradle/profile/BuildProfileServices$1$1
Event: 1.592 loading class org/gradle/profile/BuildProfileServices$1$1 done
Event: 1.593 loading class org/gradle/internal/featurelifecycle/ScriptUsageLocationReporter
Event: 1.593 loading class org/gradle/internal/featurelifecycle/ScriptUsageLocationReporter done
Event: 1.594 loading class org/gradle/groovy/scripts/ScriptExecutionListener
Event: 1.594 loading class org/gradle/groovy/scripts/ScriptExecutionListener done
Event: 1.594 loading class org/gradle/initialization/DefaultGradleLauncherFactory$3
Event: 1.594 loading class org/gradle/initialization/DefaultGradleLauncherFactory$3 done


Dynamic libraries:
0x00007ff60eea0000 - 0x00007ff60eed1000 	C:\Program Files\Android\Android Studio\jre\bin\java.exe
0x00007ffa3eb00000 - 0x00007ffa3ecf0000 	C:\Windows\SYSTEM32\ntdll.dll
0x00007ffa3e740000 - 0x00007ffa3e7f2000 	C:\Windows\System32\KERNEL32.DLL
0x00007ffa3bb20000 - 0x00007ffa3bdc5000 	C:\Windows\System32\KERNELBASE.dll
0x00007ffa3d450000 - 0x00007ffa3d4f3000 	C:\Windows\System32\ADVAPI32.dll
0x00007ffa3e830000 - 0x00007ffa3e8ce000 	C:\Windows\System32\msvcrt.dll
0x00007ffa3cbb0000 - 0x00007ffa3cc47000 	C:\Windows\System32\sechost.dll
0x00007ffa3e9a0000 - 0x00007ffa3eac0000 	C:\Windows\System32\RPCRT4.dll
0x00007ffa3cd70000 - 0x00007ffa3cf05000 	C:\Windows\System32\USER32.dll
0x00007ffa3ba90000 - 0x00007ffa3bab1000 	C:\Windows\System32\win32u.dll
0x00007ffa3e630000 - 0x00007ffa3e656000 	C:\Windows\System32\GDI32.dll
0x00007ffa3c840000 - 0x00007ffa3c9d6000 	C:\Windows\System32\gdi32full.dll
0x00007ffa3bf20000 - 0x00007ffa3bfbe000 	C:\Windows\System32\msvcp_win.dll
0x00007ffa3bfc0000 - 0x00007ffa3c0ba000 	C:\Windows\System32\ucrtbase.dll
0x00007ffa2ec40000 - 0x00007ffa2eec4000 	C:\Windows\WinSxS\amd64_microsoft.windows.common-controls_6595b64144ccf1df_6.0.18362.1082_none_9e8193e1e45b25c1\COMCTL32.dll
0x00007ffa3d990000 - 0x00007ffa3dcc5000 	C:\Windows\System32\combase.dll
0x00007ffa3cae0000 - 0x00007ffa3cb60000 	C:\Windows\System32\bcryptPrimitives.dll
0x00007ffa3d6b0000 - 0x00007ffa3d6de000 	C:\Windows\System32\IMM32.DLL
0x0000000060eb0000 - 0x0000000060f82000 	C:\Program Files\Android\Android Studio\jre\jre\bin\msvcr100.dll
0x000000005c4c0000 - 0x000000005cd0b000 	C:\Program Files\Android\Android Studio\jre\jre\bin\server\jvm.dll
0x00007ffa37e00000 - 0x00007ffa37e09000 	C:\Windows\SYSTEM32\WSOCK32.dll
0x00007ffa3e8d0000 - 0x00007ffa3e8d8000 	C:\Windows\System32\PSAPI.DLL
0x00007ffa34860000 - 0x00007ffa34884000 	C:\Windows\SYSTEM32\WINMM.dll
0x00007ffa362b0000 - 0x00007ffa362ba000 	C:\Windows\SYSTEM32\VERSION.dll
0x00007ffa3d740000 - 0x00007ffa3d7af000 	C:\Windows\System32\WS2_32.dll
0x00007ffa34830000 - 0x00007ffa3485d000 	C:\Windows\SYSTEM32\winmmbase.dll
0x00007ffa3ca90000 - 0x00007ffa3cada000 	C:\Windows\System32\cfgmgr32.dll
0x00007ffa20790000 - 0x00007ffa2079f000 	C:\Program Files\Android\Android Studio\jre\jre\bin\verify.dll
0x00007ffa14ce0000 - 0x00007ffa14d09000 	C:\Program Files\Android\Android Studio\jre\jre\bin\java.dll
0x00007ffa13780000 - 0x00007ffa13796000 	C:\Program Files\Android\Android Studio\jre\jre\bin\zip.dll
0x00007ffa3df40000 - 0x00007ffa3e627000 	C:\Windows\System32\SHELL32.dll
0x00007ffa3de90000 - 0x00007ffa3df39000 	C:\Windows\System32\shcore.dll
0x00007ffa3c0c0000 - 0x00007ffa3c840000 	C:\Windows\System32\windows.storage.dll
0x00007ffa3ba60000 - 0x00007ffa3ba83000 	C:\Windows\System32\profapi.dll
0x00007ffa3b9f0000 - 0x00007ffa3ba3a000 	C:\Windows\System32\powrprof.dll
0x00007ffa3b9c0000 - 0x00007ffa3b9d0000 	C:\Windows\System32\UMPDC.dll
0x00007ffa3e8e0000 - 0x00007ffa3e932000 	C:\Windows\System32\shlwapi.dll
0x00007ffa3b9d0000 - 0x00007ffa3b9e1000 	C:\Windows\System32\kernel.appcore.dll
0x00007ffa3cb90000 - 0x00007ffa3cba7000 	C:\Windows\System32\cryptsp.dll
0x00007ffa13760000 - 0x00007ffa1377a000 	C:\Program Files\Android\Android Studio\jre\jre\bin\net.dll
0x00007ffa3b1b0000 - 0x00007ffa3b217000 	C:\Windows\system32\mswsock.dll
0x00007ffa118b0000 - 0x00007ffa118c3000 	C:\Program Files\Android\Android Studio\jre\jre\bin\nio.dll
0x00007ffa050d0000 - 0x00007ffa050f6000 	C:\Users\ASUS\.gradle\native\31\windows-amd64\native-platform.dll
0x00007ffa1e4c0000 - 0x00007ffa1e4cd000 	C:\Program Files\Android\Android Studio\jre\jre\bin\management.dll
0x00007ffa3ad20000 - 0x00007ffa3ad53000 	C:\Windows\system32\rsaenh.dll
0x00007ffa3cb60000 - 0x00007ffa3cb86000 	C:\Windows\System32\bcrypt.dll
0x00007ffa3b8a0000 - 0x00007ffa3b8c5000 	C:\Windows\SYSTEM32\USERENV.dll
0x00007ffa3b380000 - 0x00007ffa3b38c000 	C:\Windows\SYSTEM32\CRYPTBASE.dll
0x00007ffa3aec0000 - 0x00007ffa3aefa000 	C:\Windows\SYSTEM32\IPHLPAPI.DLL
0x00007ffa3e820000 - 0x00007ffa3e828000 	C:\Windows\System32\NSI.dll
0x00007ffa36260000 - 0x00007ffa36276000 	C:\Windows\SYSTEM32\dhcpcsvc6.DLL
0x00007ffa36240000 - 0x00007ffa3625c000 	C:\Windows\SYSTEM32\dhcpcsvc.DLL
0x00007ffa3af00000 - 0x00007ffa3afcb000 	C:\Windows\SYSTEM32\DNSAPI.dll

VM Arguments:
jvm_args: -Xmx1536m -Dfile.encoding=windows-1252 -Duser.country=US -Duser.language=en -Duser.variant 
java_command: org.gradle.launcher.daemon.bootstrap.GradleDaemon 6.1.1
java_class_path (initial): C:\Users\ASUS\.gradle\wrapper\dists\gradle-6.1.1-all\cfmwm155h49vnt3hynmlrsdst\gradle-6.1.1\lib\gradle-launcher-6.1.1.jar
Launcher Type: SUN_STANDARD

Environment Variables:
PATH=C:\ProgramData\Oracle\Java\javapath;C:\Program Files (x86)\Common Files\Intel\Shared Files\cpp\bin\Intel64;C:\Windows\system32;C:\Windows;C:\Windows\System32\Wbem;C:\Windows\System32\WindowsPowerShell\v1.0\;C:\Windows\System32\OpenSSH\;C:\Program Files (x86)\NVIDIA Corporation\PhysX\Common;C:\Program Files\NVIDIA Corporation\NVIDIA NvDLISR;C:\Windows\system32;C:\Windows;C:\Windows\System32\Wbem;C:\Windows\System32\WindowsPowerShell\v1.0\;C:\Windows\System32\OpenSSH\;C:\Program Files\Microsoft SQL Server\110\Tools\Binn\;C:\Program Files (x86)\Microsoft SQL Server\110\Tools\Binn\;C:\Program Files\Microsoft SQL Server\110\DTS\Binn\;C:\Program Files (x86)\Microsoft SQL Server\110\Tools\Binn\ManagementStudio\;C:\Program Files (x86)\Microsoft Visual Studio 10.0\Common7\IDE\PrivateAssemblies\;C:\Program Files (x86)\Microsoft SQL Server\110\DTS\Binn\;C:\Program Files\dotnet\;C:\Program Files\Microsoft SQL Server\130\Tools\Binn\;C:\Program Files\Microsoft SQL Server\Client SDK\ODBC\170\Tools\Binn\;C:\Program Files\Git\cmd;C:\Users\ASUS\AppData\Local\Microsoft\WindowsApps;C:\Users\ASUS\AppData\Local\Programs\Microsoft VS Code\bin;C:\Users\ASUS\AppData\Local\GitHubDesktop\bin
USERNAME=ASUS
OS=Windows_NT
PROCESSOR_IDENTIFIER=AMD64 Family 23 Model 96 Stepping 1, AuthenticAMD



---------------  S Y S T E M  ---------------

OS: Windows 10.0 , 64 bit Build 18362 (10.0.18362.1082)

CPU:total 12 (initial active 12) (12 cores per cpu, 1 threads per core) family 23 model 96 stepping 1, cmov, cx8, fxsr, mmx, sse, sse2, sse3, ssse3, sse4.1, sse4.2, popcnt, avx, avx2, aes, clmul, mmxext, 3dnowpref, lzcnt, sse4a, tsc, tscinvbit, tscinv, bmi1

Memory: 4k page, physical 7781768k(379388k free), swap 11976072k(5148k free)

vm_info: OpenJDK 64-Bit Server VM (25.242-b01) for windows-amd64 JRE (1.8.0_242-release-1644-b01), built by "builder" with MS VC++ 10.0 (VS2010)

time: Wed Nov 04 17:59:25 2020
timezone: SE Asia Standard Time
elapsed time: 1 seconds (0d 0h 0m 1s)

